[INFO] Scanning for projects...
[INFO] 
[INFO] --------------------< com.slowsql:slow-sql-gateway >--------------------
[INFO] Building slow-sql-gateway 5.0.0
[INFO]   from pom.xml
[INFO] --------------------------------[ jar ]---------------------------------
[INFO] 
[INFO] >>> spring-boot:3.5.0:run (default-cli) > test-compile @ slow-sql-gateway >>>
[INFO] 
[INFO] --- resources:3.3.1:resources (default-resources) @ slow-sql-gateway ---
[INFO] Copying 1 resource from src\main\resources to target\classes
[INFO] Copying 1 resource from src\main\resources to target\classes
[INFO] 
[INFO] --- compiler:3.14.0:compile (default-compile) @ slow-sql-gateway ---
[INFO] Recompiling the module because of changed source code.
[INFO] Compiling 18 source files with javac [debug parameters release 17] to target\classes
[INFO] /D:/slow-sql-analyzer-v5/slow-sql-gateway/src/main/java/com/slowsql/api/DataAccessController.java: ФГаЉЪфШыЮФМўЪЙгУЛђИВИЧСЫвбЙ§ЪБЕФ APIЁЃ
[INFO] /D:/slow-sql-analyzer-v5/slow-sql-gateway/src/main/java/com/slowsql/api/DataAccessController.java: гаЙиЯъЯИаХЯЂ, ЧыЪЙгУ -Xlint:deprecation жиаТБрвыЁЃ
[INFO] 
[INFO] --- resources:3.3.1:testResources (default-testResources) @ slow-sql-gateway ---
[INFO] skip non existing resourceDirectory D:\slow-sql-analyzer-v5\slow-sql-gateway\src\test\resources
[INFO] 
[INFO] --- compiler:3.14.0:testCompile (default-testCompile) @ slow-sql-gateway ---
[INFO] Recompiling the module because of changed dependency.
[INFO] Compiling 4 source files with javac [debug parameters release 17] to target\test-classes
[INFO] 
[INFO] <<< spring-boot:3.5.0:run (default-cli) < test-compile @ slow-sql-gateway <<<
[INFO] 
[INFO] 
[INFO] --- spring-boot:3.5.0:run (default-cli) @ slow-sql-gateway ---
[INFO] Attaching agents: []

  .   ____          _            __ _ _
 /\\ / ___'_ __ _ _(_)_ __  __ _ \ \ \ \
( ( )\___ | '_ | '_| | '_ \/ _` | \ \ \ \
 \\/  ___)| |_)| | | | | || (_| |  ) ) ) )
  '  |____| .__|_| |_|_| |_\__, | / / / /
 =========|_|==============|___/=/_/_/_/

 :: Spring Boot ::                (v3.5.0)

2026-07-06T17:08:34.432+08:00  INFO 68564 --- [slow-sql-gateway] [           main] com.slowsql.SlowSqlGatewayApplication    : Starting SlowSqlGatewayApplication using Java 17.0.18 with PID 68564 (D:\slow-sql-analyzer-v5\slow-sql-gateway\target\classes started by 19873 in D:\slow-sql-analyzer-v5\slow-sql-gateway)
2026-07-06T17:08:34.435+08:00 DEBUG 68564 --- [slow-sql-gateway] [           main] com.slowsql.SlowSqlGatewayApplication    : Running with Spring Boot v3.5.0, Spring v6.2.7
2026-07-06T17:08:34.435+08:00  INFO 68564 --- [slow-sql-gateway] [           main] com.slowsql.SlowSqlGatewayApplication    : No active profile set, falling back to 1 default profile: "default"
2026-07-06T17:08:35.169+08:00  INFO 68564 --- [slow-sql-gateway] [           main] .s.d.r.c.RepositoryConfigurationDelegate : Multiple Spring Data modules found, entering strict repository configuration mode
2026-07-06T17:08:35.199+08:00  INFO 68564 --- [slow-sql-gateway] [           main] .s.d.r.c.RepositoryConfigurationDelegate : Bootstrapping Spring Data Redis repositories in DEFAULT mode.
2026-07-06T17:08:35.228+08:00  INFO 68564 --- [slow-sql-gateway] [           main] .s.d.r.c.RepositoryConfigurationDelegate : Finished Spring Data repository scanning in 15 ms. Found 0 Redis repository interfaces.
2026-07-06T17:08:35.382+08:00  INFO 68564 --- [slow-sql-gateway] [           main] ptablePropertiesBeanFactoryPostProcessor : Post-processing PropertySource instances
2026-07-06T17:08:35.409+08:00  INFO 68564 --- [slow-sql-gateway] [           main] c.u.j.EncryptablePropertySourceConverter : Skipping PropertySource configurationProperties [class org.springframework.boot.context.properties.source.ConfigurationPropertySourcesPropertySource
2026-07-06T17:08:35.411+08:00  INFO 68564 --- [slow-sql-gateway] [           main] c.u.j.EncryptablePropertySourceConverter : Skipping PropertySource servletConfigInitParams [class org.springframework.core.env.PropertySource$StubPropertySource
2026-07-06T17:08:35.412+08:00  INFO 68564 --- [slow-sql-gateway] [           main] c.u.j.EncryptablePropertySourceConverter : Skipping PropertySource servletContextInitParams [class org.springframework.core.env.PropertySource$StubPropertySource
2026-07-06T17:08:35.413+08:00  INFO 68564 --- [slow-sql-gateway] [           main] c.u.j.EncryptablePropertySourceConverter : Converting PropertySource systemProperties [org.springframework.core.env.PropertiesPropertySource] to EncryptableMapPropertySourceWrapper
2026-07-06T17:08:35.414+08:00  INFO 68564 --- [slow-sql-gateway] [           main] c.u.j.EncryptablePropertySourceConverter : Converting PropertySource systemEnvironment [org.springframework.boot.env.SystemEnvironmentPropertySourceEnvironmentPostProcessor$OriginAwareSystemEnvironmentPropertySource] to EncryptableSystemEnvironmentPropertySourceWrapper
2026-07-06T17:08:35.414+08:00  INFO 68564 --- [slow-sql-gateway] [           main] c.u.j.EncryptablePropertySourceConverter : Converting PropertySource random [org.springframework.boot.env.RandomValuePropertySource] to EncryptablePropertySourceWrapper
2026-07-06T17:08:35.415+08:00  INFO 68564 --- [slow-sql-gateway] [           main] c.u.j.EncryptablePropertySourceConverter : Converting PropertySource Config resource 'class path resource [application.yml]' via location 'optional:classpath:/' [org.springframework.boot.env.OriginTrackedMapPropertySource] to EncryptableMapPropertySourceWrapper
2026-07-06T17:08:35.415+08:00  INFO 68564 --- [slow-sql-gateway] [           main] c.u.j.EncryptablePropertySourceConverter : Converting PropertySource applicationInfo [org.springframework.boot.ApplicationInfoPropertySource] to EncryptableMapPropertySourceWrapper
2026-07-06T17:08:36.006+08:00  INFO 68564 --- [slow-sql-gateway] [           main] o.s.b.w.embedded.tomcat.TomcatWebServer  : Tomcat initialized with port 8080 (http)
2026-07-06T17:08:36.044+08:00  INFO 68564 --- [slow-sql-gateway] [           main] o.apache.catalina.core.StandardService   : Starting service [Tomcat]
2026-07-06T17:08:36.045+08:00  INFO 68564 --- [slow-sql-gateway] [           main] o.apache.catalina.core.StandardEngine    : Starting Servlet engine: [Apache Tomcat/10.1.41]
2026-07-06T17:08:36.112+08:00  INFO 68564 --- [slow-sql-gateway] [           main] o.a.c.c.C.[Tomcat].[localhost].[/]       : Initializing Spring embedded WebApplicationContext
2026-07-06T17:08:36.114+08:00  INFO 68564 --- [slow-sql-gateway] [           main] w.s.c.ServletWebServerApplicationContext : Root WebApplicationContext: initialization completed in 1648 ms
2026-07-06T17:08:36.237+08:00  INFO 68564 --- [slow-sql-gateway] [           main] c.u.j.filter.DefaultLazyPropertyFilter   : Property Filter custom Bean not found with name 'encryptablePropertyFilter'. Initializing Default Property Filter
2026-07-06T17:08:36.270+08:00  INFO 68564 --- [slow-sql-gateway] [           main] c.u.j.r.DefaultLazyPropertyResolver      : Property Resolver custom Bean not found with name 'encryptablePropertyResolver'. Initializing Default Property Resolver
2026-07-06T17:08:36.271+08:00  INFO 68564 --- [slow-sql-gateway] [           main] c.u.j.d.DefaultLazyPropertyDetector      : Property Detector custom Bean not found with name 'encryptablePropertyDetector'. Initializing Default Property Detector
2026-07-06T17:08:36.291+08:00  INFO 68564 --- [slow-sql-gateway] [           main] com.zaxxer.hikari.HikariDataSource       : diag-tc-dev-mysql - Starting...
2026-07-06T17:08:36.542+08:00  INFO 68564 --- [slow-sql-gateway] [           main] com.zaxxer.hikari.pool.HikariPool        : diag-tc-dev-mysql - Added connection com.mysql.cj.jdbc.ConnectionImpl@78eafad
2026-07-06T17:08:36.572+08:00  INFO 68564 --- [slow-sql-gateway] [           main] com.zaxxer.hikari.HikariDataSource       : diag-tc-dev-mysql - Start completed.
2026-07-06T17:08:36.577+08:00  INFO 68564 --- [slow-sql-gateway] [           main] com.zaxxer.hikari.HikariDataSource       : mon-tc-dev-mysql - Starting...
2026-07-06T17:08:36.596+08:00  INFO 68564 --- [slow-sql-gateway] [           main] com.zaxxer.hikari.pool.HikariPool        : mon-tc-dev-mysql - Added connection com.mysql.cj.jdbc.ConnectionImpl@7686f701
2026-07-06T17:08:36.597+08:00  INFO 68564 --- [slow-sql-gateway] [           main] com.zaxxer.hikari.HikariDataSource       : mon-tc-dev-mysql - Start completed.
2026-07-06T17:08:36.597+08:00  INFO 68564 --- [slow-sql-gateway] [           main] com.slowsql.config.DataSourceManager     : СЌНгГивбДДНЈ: tc-dev-mysql Ёњ localhost:3306
2026-07-06T17:08:36.598+08:00  INFO 68564 --- [slow-sql-gateway] [           main] com.zaxxer.hikari.HikariDataSource       : diag-tc-prod-mysql - Starting...
2026-07-06T17:08:47.630+08:00 ERROR 68564 --- [slow-sql-gateway] [           main] com.slowsql.config.DataSourceManager     : ДДНЈСЌНгГиЪЇАм [tc-prod-mysql] 10.0.2.1:3306: Failed to initialize pool: Communications link failure

The last packet sent successfully to the server was 0 milliseconds ago. The driver has not received any packets from the server. ЁЊЁЊ ЬјЙ§ДЫЪЕР§ЃЌВЛгАЯьЦфЫћЪЕР§
2026-07-06T17:08:47.650+08:00  INFO 68564 --- [slow-sql-gateway] [           main] com.zaxxer.hikari.HikariDataSource       : diag-pay-dev-mysql - Starting...
2026-07-06T17:08:58.673+08:00 ERROR 68564 --- [slow-sql-gateway] [           main] com.slowsql.config.DataSourceManager     : ДДНЈСЌНгГиЪЇАм [pay-dev-mysql] 10.0.3.1:3306: Failed to initialize pool: Communications link failure

The last packet sent successfully to the server was 0 milliseconds ago. The driver has not received any packets from the server. ЁЊЁЊ ЬјЙ§ДЫЪЕР§ЃЌВЛгАЯьЦфЫћЪЕР§
2026-07-06T17:08:58.674+08:00  INFO 68564 --- [slow-sql-gateway] [           main] com.slowsql.config.DataSourceManager     : СЌНгГиГѕЪМЛЏЭъГЩ: аТНЈ 1 Иі, ИДгУ 0 Иі, ЙВЙмРэ 3 ИіЪЕР§
2026-07-06T17:08:58.958+08:00  INFO 68564 --- [slow-sql-gateway] [           main] com.zaxxer.hikari.HikariDataSource       : HikariPool-1 - Starting...
2026-07-06T17:08:58.978+08:00  INFO 68564 --- [slow-sql-gateway] [           main] com.zaxxer.hikari.pool.HikariPool        : HikariPool-1 - Added connection com.mysql.cj.jdbc.ConnectionImpl@13390a96
2026-07-06T17:08:58.979+08:00  INFO 68564 --- [slow-sql-gateway] [           main] com.zaxxer.hikari.HikariDataSource       : HikariPool-1 - Start completed.
2026-07-06T17:08:59.743+08:00  INFO 68564 --- [slow-sql-gateway] [           main] o.s.b.a.e.web.EndpointLinksResolver      : Exposing 1 endpoint beneath base path '/actuator'
2026-07-06T17:08:59.828+08:00  INFO 68564 --- [slow-sql-gateway] [           main] o.s.b.w.embedded.tomcat.TomcatWebServer  : Tomcat started on port 8080 (http) with context path '/'
2026-07-06T17:08:59.829+08:00  INFO 68564 --- [slow-sql-gateway] [           main] u.j.c.RefreshScopeRefreshedEventListener : Refreshing cached encryptable property sources on ServletWebServerInitializedEvent
2026-07-06T17:08:59.830+08:00  INFO 68564 --- [slow-sql-gateway] [           main] CachingDelegateEncryptablePropertySource : Property Source systemProperties refreshed
2026-07-06T17:08:59.830+08:00  INFO 68564 --- [slow-sql-gateway] [           main] CachingDelegateEncryptablePropertySource : Property Source systemEnvironment refreshed
2026-07-06T17:08:59.830+08:00  INFO 68564 --- [slow-sql-gateway] [           main] CachingDelegateEncryptablePropertySource : Property Source random refreshed
2026-07-06T17:08:59.832+08:00  INFO 68564 --- [slow-sql-gateway] [           main] CachingDelegateEncryptablePropertySource : Property Source Config resource 'class path resource [application.yml]' via location 'optional:classpath:/' refreshed
2026-07-06T17:08:59.833+08:00  INFO 68564 --- [slow-sql-gateway] [           main] CachingDelegateEncryptablePropertySource : Property Source applicationInfo refreshed
2026-07-06T17:08:59.833+08:00  INFO 68564 --- [slow-sql-gateway] [           main] c.u.j.EncryptablePropertySourceConverter : Skipping PropertySource configurationProperties [class org.springframework.boot.context.properties.source.ConfigurationPropertySourcesPropertySource
2026-07-06T17:08:59.833+08:00  INFO 68564 --- [slow-sql-gateway] [           main] c.u.j.EncryptablePropertySourceConverter : Skipping PropertySource servletConfigInitParams [class org.springframework.core.env.PropertySource$StubPropertySource
2026-07-06T17:08:59.833+08:00  INFO 68564 --- [slow-sql-gateway] [           main] c.u.j.EncryptablePropertySourceConverter : Converting PropertySource servletContextInitParams [org.springframework.web.context.support.ServletContextPropertySource] to EncryptableEnumerablePropertySourceWrapper
2026-07-06T17:08:59.834+08:00  INFO 68564 --- [slow-sql-gateway] [           main] c.u.j.EncryptablePropertySourceConverter : Converting PropertySource Management Server [org.springframework.boot.actuate.autoconfigure.web.server.ManagementContextAutoConfiguration$SameManagementContextConfiguration$1] to EncryptablePropertySourceWrapper
2026-07-06T17:08:59.850+08:00  INFO 68564 --- [slow-sql-gateway] [           main] com.slowsql.SlowSqlGatewayApplication    : Started SlowSqlGatewayApplication in 25.831 seconds (process running for 26.205)
2026-07-06T17:08:59.894+08:00  INFO 68564 --- [slow-sql-gateway] [           main] com.slowsql.config.SchemaInitializer     : МьВщВЂГѕЪМЛЏЦНЬЈЪ§ОнПтБэ...
2026-07-06T17:08:59.896+08:00  INFO 68564 --- [slow-sql-gateway] [           main] com.slowsql.config.SchemaInitializer     : schema.sql жДааЭъГЩ
2026-07-06T17:08:59.953+08:00  INFO 68564 --- [slow-sql-gateway] [           main] com.slowsql.config.SchemaInitializer     : ЦНЬЈЪ§ОнПтБэГѕЪМЛЏЭъГЩ
2026-07-06T17:09:01.662+08:00  INFO 68564 --- [slow-sql-gateway] [nio-8080-exec-1] o.a.c.c.C.[Tomcat].[localhost].[/]       : Initializing Spring DispatcherServlet 'dispatcherServlet'
2026-07-06T17:09:01.690+08:00  INFO 68564 --- [slow-sql-gateway] [nio-8080-exec-1] o.s.web.servlet.DispatcherServlet        : Initializing Servlet 'dispatcherServlet'
2026-07-06T17:09:01.692+08:00  INFO 68564 --- [slow-sql-gateway] [nio-8080-exec-1] o.s.web.servlet.DispatcherServlet        : Completed initialization in 1 ms
[INFO] ------------------------------------------------------------------------
[INFO] BUILD FAILURE
[INFO] ------------------------------------------------------------------------
[INFO] Total time:  01:44 min
[INFO] Finished at: 2026-07-06T17:10:06+08:00
[INFO] ------------------------------------------------------------------------
[ERROR] Failed to execute goal org.springframework.boot:spring-boot-maven-plugin:3.5.0:run (default-cli) on project slow-sql-gateway: Process terminated with exit code: -1 -> [Help 1]
[ERROR] 
[ERROR] To see the full stack trace of the errors, re-run Maven with the -e switch.
[ERROR] Re-run Maven using the -X switch to enable full debug logging.
[ERROR] 
[ERROR] For more information about the errors and possible solutions, please read the following articles:
[ERROR] [Help 1] http://cwiki.apache.org/confluence/display/MAVEN/MojoExecutionException
